\BOOKMARK [0][-]{chapter.1}{Preliminaries}{}% 1
\BOOKMARK [0][-]{chapter.2}{Poisson\040Process}{}% 2
\BOOKMARK [1][-]{section.2.1}{Poisson\040Process}{chapter.2}% 3
\BOOKMARK [1][-]{section.2.2}{Compound\040Poisson\040Process}{chapter.2}% 4
\BOOKMARK [0][-]{chapter.3}{Markov\040Chain}{}% 5
\BOOKMARK [1][-]{section.3.1}{Discrete-time\040Markov\040Chain}{chapter.3}% 6
\BOOKMARK [1][-]{section.3.2}{Continuous-time\040Markov\040Chain}{chapter.3}% 7
\BOOKMARK [0][-]{chapter.4}{Brownian\040Motion}{}% 8
\BOOKMARK [1][-]{section.4.1}{1-dimensional\040Brownian\040Motion}{chapter.4}% 9
\BOOKMARK [1][-]{section.4.2}{N-dimensional\040Brownian\040Motion}{chapter.4}% 10
\BOOKMARK [0][-]{chapter.5}{Martingale}{}% 11
\BOOKMARK [1][-]{section.5.1}{Basic\040Notion}{chapter.5}% 12
\BOOKMARK [1][-]{section.5.2}{Discrete-time\040Martingale}{chapter.5}% 13
\BOOKMARK [1][-]{section.5.3}{Continuous-time\040Martingale}{chapter.5}% 14
\BOOKMARK [1][-]{section.5.4}{Continuous\040Local\040Martingale}{chapter.5}% 15
\BOOKMARK [1][-]{section.5.5}{Continuous\040Semimartingales}{chapter.5}% 16
\BOOKMARK [0][-]{chapter.6}{Stochastic\040Integration}{}% 17
\BOOKMARK [1][-]{section.6.1}{Stochastic\040Integrals\040for\040L2-Bounded\040Martingales}{chapter.6}% 18
\BOOKMARK [1][-]{section.6.2}{Stochastic\040Integrals\040for\040Continuous\040Local\040Martingales}{chapter.6}% 19
\BOOKMARK [1][-]{section.6.3}{Stochastic\040Integrals\040for\040Continuous\040Semimartingales}{chapter.6}% 20
\BOOKMARK [1][-]{section.6.4}{Itô's Formula}{chapter.6}% 21
